<?xml version="1.0" encoding="UTF-8"?>
<testng-results skipped="0" failed="0" ignored="0" total="1" passed="1">
  <reporter-output>
  </reporter-output>
  <suite name="Default suite" duration-ms="11812" started-at="2021-11-04T12:00:36Z" finished-at="2021-11-04T12:00:48Z">
    <groups>
    </groups>
    <test name="Default test" duration-ms="11812" started-at="2021-11-04T12:00:36Z" finished-at="2021-11-04T12:00:48Z">
      <class name="com.qa.restapi.GetCallBDD">
        <test-method status="PASS" signature="verifyGetMethod()[pri:0, instance:com.qa.restapi.GetCallBDD@157632c9]" name="verifyGetMethod" duration-ms="11704" started-at="2021-11-04T12:00:36Z" finished-at="2021-11-04T12:00:48Z">
          <reporter-output>
          </reporter-output>
        </test-method> <!-- verifyGetMethod -->
      </class> <!-- com.qa.restapi.GetCallBDD -->
    </test> <!-- Default test -->
  </suite> <!-- Default suite -->
</testng-results>
